2019-11-26 15:19:12 [scrapy.utils.log] INFO: Scrapy 1.8.0 started (bot: TencentSpider)
2019-11-26 15:19:12 [scrapy.utils.log] INFO: Versions: lxml 4.4.1.0, libxml2 2.9.9, cssselect 1.1.0, parsel 1.5.2, w3lib 1.21.0, Twisted 19.10.0, Python 2.7.12 (default, Oct  8 2019, 14:14:10) - [GCC 5.4.0 20160609], pyOpenSSL 19.0.0 (OpenSSL 1.1.1d  10 Sep 2019), cryptography 2.8, Platform Linux-4.4.0-169-generic-x86_64-with-Ubuntu-16.04-xenial
2019-11-26 15:19:13 [scrapy.crawler] INFO: Overridden settings: {'NEWSPIDER_MODULE': 'TencentSpider.spiders', 'SPIDER_MODULES': ['TencentSpider.spiders'], 'LOG_FILE': 'tencentlog.log', 'LOG_LEVEL': 'INFO', 'BOT_NAME': 'TencentSpider'}
2019-11-26 15:19:13 [scrapy.extensions.telnet] INFO: Telnet Password: 8e66801e911f0e46
2019-11-26 15:19:13 [scrapy.middleware] INFO: Enabled extensions:
['scrapy.extensions.memusage.MemoryUsage',
 'scrapy.extensions.logstats.LogStats',
 'scrapy.extensions.telnet.TelnetConsole',
 'scrapy.extensions.corestats.CoreStats']
2019-11-26 15:19:13 [scrapy.middleware] INFO: Enabled downloader middlewares:
['scrapy.downloadermiddlewares.httpauth.HttpAuthMiddleware',
 'scrapy.downloadermiddlewares.downloadtimeout.DownloadTimeoutMiddleware',
 'scrapy.downloadermiddlewares.defaultheaders.DefaultHeadersMiddleware',
 'scrapy.downloadermiddlewares.useragent.UserAgentMiddleware',
 'scrapy.downloadermiddlewares.retry.RetryMiddleware',
 'scrapy.downloadermiddlewares.redirect.MetaRefreshMiddleware',
 'scrapy.downloadermiddlewares.httpcompression.HttpCompressionMiddleware',
 'scrapy.downloadermiddlewares.redirect.RedirectMiddleware',
 'scrapy.downloadermiddlewares.cookies.CookiesMiddleware',
 'scrapy.downloadermiddlewares.httpproxy.HttpProxyMiddleware',
 'scrapy.downloadermiddlewares.stats.DownloaderStats']
2019-11-26 15:19:13 [scrapy.middleware] INFO: Enabled spider middlewares:
['scrapy.spidermiddlewares.httperror.HttpErrorMiddleware',
 'scrapy.spidermiddlewares.offsite.OffsiteMiddleware',
 'scrapy.spidermiddlewares.referer.RefererMiddleware',
 'scrapy.spidermiddlewares.urllength.UrlLengthMiddleware',
 'scrapy.spidermiddlewares.depth.DepthMiddleware']
2019-11-26 15:19:13 [scrapy.middleware] INFO: Enabled item pipelines:
['TencentSpider.pipelines.TencentspiderPipeline']
2019-11-26 15:19:13 [scrapy.core.engine] INFO: Spider opened
2019-11-26 15:19:13 [scrapy.extensions.logstats] INFO: Crawled 0 pages (at 0 pages/min), scraped 0 items (at 0 items/min)
2019-11-26 15:19:13 [scrapy.extensions.telnet] INFO: Telnet console listening on 127.0.0.1:6024
2019-11-26 15:19:13 [scrapy.core.engine] INFO: Closing spider (finished)
2019-11-26 15:19:13 [scrapy.statscollectors] INFO: Dumping Scrapy stats:
{'downloader/request_bytes': 237,
 'downloader/request_count': 1,
 'downloader/request_method_count/GET': 1,
 'downloader/response_bytes': 735,
 'downloader/response_count': 1,
 'downloader/response_status_count/200': 1,
 'elapsed_time_seconds': 0.371704,
 'finish_reason': 'finished',
 'finish_time': datetime.datetime(2019, 11, 26, 7, 19, 13, 488583),
 'log_count/INFO': 10,
 'memusage/max': 51372032,
 'memusage/startup': 51372032,
 'response_received_count': 1,
 'scheduler/dequeued': 1,
 'scheduler/dequeued/memory': 1,
 'scheduler/enqueued': 1,
 'scheduler/enqueued/memory': 1,
 'start_time': datetime.datetime(2019, 11, 26, 7, 19, 13, 116879)}
2019-11-26 15:19:13 [scrapy.core.engine] INFO: Spider closed (finished)
2019-11-26 15:23:46 [scrapy.utils.log] INFO: Scrapy 1.8.0 started (bot: TencentSpider)
2019-11-26 15:23:46 [scrapy.utils.log] INFO: Versions: lxml 4.4.1.0, libxml2 2.9.9, cssselect 1.1.0, parsel 1.5.2, w3lib 1.21.0, Twisted 19.10.0, Python 2.7.12 (default, Oct  8 2019, 14:14:10) - [GCC 5.4.0 20160609], pyOpenSSL 19.0.0 (OpenSSL 1.1.1d  10 Sep 2019), cryptography 2.8, Platform Linux-4.4.0-169-generic-x86_64-with-Ubuntu-16.04-xenial
2019-11-26 15:23:46 [scrapy.crawler] INFO: Overridden settings: {'NEWSPIDER_MODULE': 'TencentSpider.spiders', 'SPIDER_MODULES': ['TencentSpider.spiders'], 'LOG_FILE': 'tencentlog.log', 'LOG_LEVEL': 'INFO', 'BOT_NAME': 'TencentSpider'}
2019-11-26 15:23:46 [scrapy.extensions.telnet] INFO: Telnet Password: 4c1314e1ac8d9818
2019-11-26 15:23:46 [scrapy.middleware] INFO: Enabled extensions:
['scrapy.extensions.memusage.MemoryUsage',
 'scrapy.extensions.logstats.LogStats',
 'scrapy.extensions.telnet.TelnetConsole',
 'scrapy.extensions.corestats.CoreStats']
2019-11-26 15:23:46 [scrapy.middleware] INFO: Enabled downloader middlewares:
['scrapy.downloadermiddlewares.httpauth.HttpAuthMiddleware',
 'scrapy.downloadermiddlewares.downloadtimeout.DownloadTimeoutMiddleware',
 'scrapy.downloadermiddlewares.defaultheaders.DefaultHeadersMiddleware',
 'scrapy.downloadermiddlewares.useragent.UserAgentMiddleware',
 'scrapy.downloadermiddlewares.retry.RetryMiddleware',
 'scrapy.downloadermiddlewares.redirect.MetaRefreshMiddleware',
 'scrapy.downloadermiddlewares.httpcompression.HttpCompressionMiddleware',
 'scrapy.downloadermiddlewares.redirect.RedirectMiddleware',
 'scrapy.downloadermiddlewares.cookies.CookiesMiddleware',
 'scrapy.downloadermiddlewares.httpproxy.HttpProxyMiddleware',
 'scrapy.downloadermiddlewares.stats.DownloaderStats']
2019-11-26 15:23:46 [scrapy.middleware] INFO: Enabled spider middlewares:
['scrapy.spidermiddlewares.httperror.HttpErrorMiddleware',
 'scrapy.spidermiddlewares.offsite.OffsiteMiddleware',
 'scrapy.spidermiddlewares.referer.RefererMiddleware',
 'scrapy.spidermiddlewares.urllength.UrlLengthMiddleware',
 'scrapy.spidermiddlewares.depth.DepthMiddleware']
2019-11-26 15:23:46 [scrapy.middleware] INFO: Enabled item pipelines:
['TencentSpider.pipelines.TencentspiderPipeline']
2019-11-26 15:23:46 [scrapy.core.engine] INFO: Spider opened
2019-11-26 15:23:46 [scrapy.extensions.logstats] INFO: Crawled 0 pages (at 0 pages/min), scraped 0 items (at 0 items/min)
2019-11-26 15:23:46 [scrapy.extensions.telnet] INFO: Telnet console listening on 127.0.0.1:6024
2019-11-26 15:23:47 [scrapy.core.engine] INFO: Closing spider (finished)
2019-11-26 15:23:47 [scrapy.statscollectors] INFO: Dumping Scrapy stats:
{'downloader/request_bytes': 237,
 'downloader/request_count': 1,
 'downloader/request_method_count/GET': 1,
 'downloader/response_bytes': 735,
 'downloader/response_count': 1,
 'downloader/response_status_count/200': 1,
 'elapsed_time_seconds': 0.366689,
 'finish_reason': 'finished',
 'finish_time': datetime.datetime(2019, 11, 26, 7, 23, 47, 205030),
 'log_count/INFO': 10,
 'memusage/max': 51396608,
 'memusage/startup': 51396608,
 'response_received_count': 1,
 'scheduler/dequeued': 1,
 'scheduler/dequeued/memory': 1,
 'scheduler/enqueued': 1,
 'scheduler/enqueued/memory': 1,
 'start_time': datetime.datetime(2019, 11, 26, 7, 23, 46, 838341)}
2019-11-26 15:23:47 [scrapy.core.engine] INFO: Spider closed (finished)
2019-11-26 17:11:37 [scrapy.utils.log] INFO: Scrapy 1.8.0 started (bot: TencentSpider)
2019-11-26 17:11:37 [scrapy.utils.log] INFO: Versions: lxml 4.4.1.0, libxml2 2.9.9, cssselect 1.1.0, parsel 1.5.2, w3lib 1.21.0, Twisted 19.10.0, Python 2.7.12 (default, Oct  8 2019, 14:14:10) - [GCC 5.4.0 20160609], pyOpenSSL 19.0.0 (OpenSSL 1.1.1d  10 Sep 2019), cryptography 2.8, Platform Linux-4.4.0-169-generic-x86_64-with-Ubuntu-16.04-xenial
2019-11-26 17:11:37 [scrapy.crawler] INFO: Overridden settings: {'NEWSPIDER_MODULE': 'TencentSpider.spiders', 'LOG_LEVEL': 'INFO', 'DUPEFILTER_CLASS': 'scrapy.dupefilters.BaseDupeFilter', 'SPIDER_MODULES': ['TencentSpider.spiders'], 'BOT_NAME': 'TencentSpider', 'LOGSTATS_INTERVAL': 0, 'LOG_FILE': 'tencentlog.log'}
2019-11-26 17:11:37 [scrapy.extensions.telnet] INFO: Telnet Password: fbf1ad8b26ac0a51
2019-11-26 17:11:37 [scrapy.middleware] INFO: Enabled extensions:
['scrapy.extensions.memusage.MemoryUsage',
 'scrapy.extensions.telnet.TelnetConsole',
 'scrapy.extensions.corestats.CoreStats']
2019-11-26 17:11:37 [scrapy.middleware] INFO: Enabled downloader middlewares:
['scrapy.downloadermiddlewares.httpauth.HttpAuthMiddleware',
 'scrapy.downloadermiddlewares.downloadtimeout.DownloadTimeoutMiddleware',
 'scrapy.downloadermiddlewares.defaultheaders.DefaultHeadersMiddleware',
 'scrapy.downloadermiddlewares.useragent.UserAgentMiddleware',
 'scrapy.downloadermiddlewares.retry.RetryMiddleware',
 'scrapy.downloadermiddlewares.redirect.MetaRefreshMiddleware',
 'scrapy.downloadermiddlewares.httpcompression.HttpCompressionMiddleware',
 'scrapy.downloadermiddlewares.redirect.RedirectMiddleware',
 'scrapy.downloadermiddlewares.cookies.CookiesMiddleware',
 'scrapy.downloadermiddlewares.httpproxy.HttpProxyMiddleware',
 'scrapy.downloadermiddlewares.stats.DownloaderStats']
2019-11-26 17:11:37 [scrapy.middleware] INFO: Enabled spider middlewares:
['scrapy.spidermiddlewares.httperror.HttpErrorMiddleware',
 'scrapy.spidermiddlewares.offsite.OffsiteMiddleware',
 'scrapy.spidermiddlewares.referer.RefererMiddleware',
 'scrapy.spidermiddlewares.urllength.UrlLengthMiddleware',
 'scrapy.spidermiddlewares.depth.DepthMiddleware']
2019-11-26 17:11:37 [scrapy.middleware] INFO: Enabled item pipelines:
['TencentSpider.pipelines.TencentspiderPipeline']
2019-11-26 17:11:37 [scrapy.extensions.telnet] INFO: Telnet console listening on 127.0.0.1:6023
2019-11-26 17:11:37 [scrapy.core.engine] INFO: Spider opened
2019-11-26 17:12:02 [scrapy.utils.log] INFO: Scrapy 1.8.0 started (bot: TencentSpider)
2019-11-26 17:12:02 [scrapy.utils.log] INFO: Versions: lxml 4.4.1.0, libxml2 2.9.9, cssselect 1.1.0, parsel 1.5.2, w3lib 1.21.0, Twisted 19.10.0, Python 2.7.12 (default, Oct  8 2019, 14:14:10) - [GCC 5.4.0 20160609], pyOpenSSL 19.0.0 (OpenSSL 1.1.1d  10 Sep 2019), cryptography 2.8, Platform Linux-4.4.0-169-generic-x86_64-with-Ubuntu-16.04-xenial
2019-11-26 17:12:02 [scrapy.crawler] INFO: Overridden settings: {'NEWSPIDER_MODULE': 'TencentSpider.spiders', 'LOG_LEVEL': 'INFO', 'DUPEFILTER_CLASS': 'scrapy.dupefilters.BaseDupeFilter', 'SPIDER_MODULES': ['TencentSpider.spiders'], 'BOT_NAME': 'TencentSpider', 'LOGSTATS_INTERVAL': 0, 'LOG_FILE': 'tencentlog.log'}
2019-11-26 17:12:02 [scrapy.extensions.telnet] INFO: Telnet Password: 906a1a6a302e0cb0
2019-11-26 17:12:02 [scrapy.middleware] INFO: Enabled extensions:
['scrapy.extensions.memusage.MemoryUsage',
 'scrapy.extensions.telnet.TelnetConsole',
 'scrapy.extensions.corestats.CoreStats']
2019-11-26 17:12:02 [scrapy.middleware] INFO: Enabled downloader middlewares:
['scrapy.downloadermiddlewares.httpauth.HttpAuthMiddleware',
 'scrapy.downloadermiddlewares.downloadtimeout.DownloadTimeoutMiddleware',
 'scrapy.downloadermiddlewares.defaultheaders.DefaultHeadersMiddleware',
 'scrapy.downloadermiddlewares.useragent.UserAgentMiddleware',
 'scrapy.downloadermiddlewares.retry.RetryMiddleware',
 'scrapy.downloadermiddlewares.redirect.MetaRefreshMiddleware',
 'scrapy.downloadermiddlewares.httpcompression.HttpCompressionMiddleware',
 'scrapy.downloadermiddlewares.redirect.RedirectMiddleware',
 'scrapy.downloadermiddlewares.cookies.CookiesMiddleware',
 'scrapy.downloadermiddlewares.httpproxy.HttpProxyMiddleware',
 'scrapy.downloadermiddlewares.stats.DownloaderStats']
2019-11-26 17:12:02 [scrapy.middleware] INFO: Enabled spider middlewares:
['scrapy.spidermiddlewares.httperror.HttpErrorMiddleware',
 'scrapy.spidermiddlewares.offsite.OffsiteMiddleware',
 'scrapy.spidermiddlewares.referer.RefererMiddleware',
 'scrapy.spidermiddlewares.urllength.UrlLengthMiddleware',
 'scrapy.spidermiddlewares.depth.DepthMiddleware']
2019-11-26 17:12:02 [scrapy.middleware] INFO: Enabled item pipelines:
['TencentSpider.pipelines.TencentspiderPipeline']
2019-11-26 17:12:02 [scrapy.extensions.telnet] INFO: Telnet console listening on 127.0.0.1:6023
2019-11-26 17:12:02 [scrapy.core.engine] INFO: Spider opened
2019-11-27 13:15:59 [scrapy.utils.log] INFO: Scrapy 1.8.0 started (bot: TencentSpider)
2019-11-27 13:15:59 [scrapy.utils.log] INFO: Versions: lxml 4.4.1.0, libxml2 2.9.9, cssselect 1.1.0, parsel 1.5.2, w3lib 1.21.0, Twisted 19.10.0, Python 2.7.12 (default, Oct  8 2019, 14:14:10) - [GCC 5.4.0 20160609], pyOpenSSL 19.0.0 (OpenSSL 1.1.1d  10 Sep 2019), cryptography 2.8, Platform Linux-4.4.0-169-generic-x86_64-with-Ubuntu-16.04-xenial
2019-11-27 13:15:59 [scrapy.crawler] INFO: Overridden settings: {'NEWSPIDER_MODULE': 'TencentSpider.spiders', 'LOG_LEVEL': 'INFO', 'DUPEFILTER_CLASS': 'scrapy.dupefilters.BaseDupeFilter', 'SPIDER_MODULES': ['TencentSpider.spiders'], 'BOT_NAME': 'TencentSpider', 'LOGSTATS_INTERVAL': 0, 'LOG_FILE': 'tencentlog.log'}
2019-11-27 13:15:59 [scrapy.extensions.telnet] INFO: Telnet Password: 5816d653e272f62b
2019-11-27 13:15:59 [scrapy.middleware] INFO: Enabled extensions:
['scrapy.extensions.memusage.MemoryUsage',
 'scrapy.extensions.telnet.TelnetConsole',
 'scrapy.extensions.corestats.CoreStats']
2019-11-27 13:15:59 [scrapy.middleware] INFO: Enabled downloader middlewares:
['scrapy.downloadermiddlewares.httpauth.HttpAuthMiddleware',
 'scrapy.downloadermiddlewares.downloadtimeout.DownloadTimeoutMiddleware',
 'scrapy.downloadermiddlewares.defaultheaders.DefaultHeadersMiddleware',
 'scrapy.downloadermiddlewares.useragent.UserAgentMiddleware',
 'scrapy.downloadermiddlewares.retry.RetryMiddleware',
 'scrapy.downloadermiddlewares.redirect.MetaRefreshMiddleware',
 'scrapy.downloadermiddlewares.httpcompression.HttpCompressionMiddleware',
 'scrapy.downloadermiddlewares.redirect.RedirectMiddleware',
 'scrapy.downloadermiddlewares.cookies.CookiesMiddleware',
 'scrapy.downloadermiddlewares.httpproxy.HttpProxyMiddleware',
 'scrapy.downloadermiddlewares.stats.DownloaderStats']
2019-11-27 13:15:59 [scrapy.middleware] INFO: Enabled spider middlewares:
['scrapy.spidermiddlewares.httperror.HttpErrorMiddleware',
 'scrapy.spidermiddlewares.offsite.OffsiteMiddleware',
 'scrapy.spidermiddlewares.referer.RefererMiddleware',
 'scrapy.spidermiddlewares.urllength.UrlLengthMiddleware',
 'scrapy.spidermiddlewares.depth.DepthMiddleware']
2019-11-27 13:15:59 [scrapy.middleware] INFO: Enabled item pipelines:
['TencentSpider.pipelines.TencentspiderPipeline']
2019-11-27 13:15:59 [scrapy.extensions.telnet] INFO: Telnet console listening on 127.0.0.1:6023
2019-11-27 13:15:59 [scrapy.core.engine] INFO: Spider opened
